# Elapsed time   CPU (%)     Real (MB)   Virtual (MB)
       0.002        0.000        2.551       69.086
       4.006       91.400       94.633      542.684
       8.011       99.900       94.629      542.684
      12.015       99.600       94.633      542.684
      16.019       99.600       94.883      542.684
      20.024       99.600       94.992      542.684
      24.028       99.900       94.629      542.684
      28.032       99.900       94.629      542.684
      32.037       99.600       94.629      542.195
      36.041       99.900       94.629      542.684
      40.045       99.600       94.629      542.684
      44.050       99.600       94.629      542.684
      48.054       99.900       94.883      542.684
      52.059       99.900       94.629      542.684
      56.063       99.900       94.633      542.684
      60.067       99.600       94.629      542.684
      64.072       99.600       94.883      542.684
      68.076       99.900       94.629      542.684
      72.081       99.600       94.629      542.684
      76.085       99.900       94.977      542.684
      80.090       99.600       94.629      542.684
      84.094       99.600       94.629      542.684
      88.098       99.900       94.633      542.684
      92.103       99.900       94.633      542.684
      96.107       99.600       94.629      542.684
     100.112       99.600       94.629      542.684
     104.116       99.900       94.629      542.684
     108.121       99.600       94.629      542.684
     112.126      100.100       94.629      542.684
     116.130       99.600       94.629      542.684
     120.135       99.600       94.629      542.684
     124.139       99.900       94.629      542.684
     128.144       99.600       94.629      542.684
     132.149       99.900       94.629      542.684
     136.153       99.600       94.629      542.684
     140.158       99.600       94.629      542.684
     144.162       99.900       96.719      544.504
     148.166       99.900       94.633      542.684
     152.171       99.900       94.629      542.684
     156.176       99.600       94.629      542.684
     160.180       99.600       94.629      542.684
     164.185       99.900       94.629      542.684
     168.189       99.600       94.629      542.684
     172.193       99.900       94.629      542.684
     176.198       99.600       94.629      542.684
     180.202       99.900       94.883      542.684
     184.207       99.600       94.629      542.684
     188.211       99.900       94.629      542.684
     192.216       99.600       94.629      542.684
     196.220       99.900       94.629      542.684
     200.224       99.600       94.629      542.684
     204.229       99.900       94.633      542.684
     208.233       99.900       94.633      542.684
     212.237       99.600       94.629      542.684
     216.241       99.600       96.676      544.504
     220.246       99.900       94.629      542.684
     224.250       99.600       94.629      542.684
     228.254       99.900       94.629      542.684
     232.258       99.600       94.629      542.684
     236.262       99.600       94.629      542.684
     240.266      100.100       94.629      542.684
     244.271       99.600       94.629      542.684
     248.275       99.900       94.629      542.684
     252.280       99.600       94.629      542.684
     256.285       99.900       94.629      542.684
     260.289       99.600       94.629      542.684
     264.294       99.600       94.633      542.684
     268.299       99.900       94.629      542.684
     272.304       99.900       94.629      542.684
     276.309       99.600       94.629      542.684
     280.314       99.900       94.629      542.684
     284.319       99.600       94.629      542.684
     288.324       99.900       94.629      542.684
     292.330       99.600       94.883      542.684
     296.335       99.900       94.629      542.684
     300.340       99.600       94.629      542.684
     304.345       99.900       94.629      542.684
     308.350       99.600       94.629      542.684
     312.355      100.100       94.629      542.684
     316.360       99.600       94.883      542.684
     320.365       99.900       94.629      542.684
     324.370       99.600       94.633      542.684
