 0
 2
 3
 6
 7
 1
 4
 5
  making sedov-taylor
  making sedov-taylor
  making sedov-taylor
  making sedov-taylor
  making sedov-taylor
  making sedov-taylor
  making sedov-taylor
  making sedov-taylor
 done mesh
 done mesh
 done mesh
 done mesh
 done mesh
 done mesh
 done mesh
 done mesh
 Done diagnostics
 Done diagnostics
 Done diagnostics
 Done diagnostics
 Done diagnostics
 Done diagnostics
 Done diagnostics
 Done diagnostics
 finished building problem
 finished building problem
 finished building problem
 finished building problem
 finished building problem
 finished building problem
 finished building problem
 finished building problem
 Cycle time:    14.842078291985672     
 Cycle time:    14.843823615985457     
 Cycle time:    14.813168457010761     
 Cycle time:    14.843812451988924     
 Cycle time:    14.842404644994531     
 Cycle time:    14.810265942011029     
 Cycle time:    14.811726345011266     
 Cycle time:    14.810318800009554     
 Cycle time:    13.734636584995314     
 Cycle time:    13.734588619990973     
 Cycle time:    13.734635086002527     
 Cycle time:    13.734785798995290     
 Cycle time:    13.734705392009346     
 Cycle time:    13.734736165992217     
 Cycle time:    13.734750733012334     
 Cycle time:    13.734749216993805     
 Cycle time:    13.667701172002126     
 Cycle time:    13.667758032010170     
 Cycle time:    13.667833120998694     
 Cycle time:    13.667869102006080     
 Cycle time:    13.667835331987590     
 Cycle time:    13.667841711023357     
 Cycle time:    13.667810712999199     
 Cycle time:    13.667857244989136     
 Cycle time:    14.275702835002448     
 Cycle time:    14.276143447001232     
 Cycle time:    14.275950031005777     
 Cycle time:    14.275822798023000     
 Cycle time:    14.275875078979880     
 Cycle time:    14.275875252002152     
 Cycle time:    14.275851915008388     
 Cycle time:    14.275919937994331     
 Cycle time:    14.664464647008572     
 Cycle time:    14.664787790999981     
 Cycle time:    14.664736949023791     
 Cycle time:    14.664620586991077     
 Cycle time:    14.664757414982887     
 Cycle time:    14.664715357997920     
 Cycle time:    14.664722914982121     
 Cycle time:    14.664755263976986     
 Cycle time:    14.745038958993973     
 Cycle time:    14.745502004981972     
 Cycle time:    14.745331929996610     
 Cycle time:    14.745211319997907     
 Cycle time:    14.745405156019842     
 Cycle time:    14.745172830997035     
 Cycle time:    14.745151865005028     
 Cycle time:    14.745221213001059     
 Cycle time:    14.541897403978510     
 Cycle time:    14.542212625005050     
 Cycle time:    14.542049487004988     
 Cycle time:    14.541993299993919     
 Cycle time:    14.542053860001033     
 Cycle time:    14.541983269999037     
 Cycle time:    14.542106631997740     
 Cycle time:    14.542116811004234     
 Cycle time:    14.459385296999244     
 Cycle time:    14.459387025010074     
 Cycle time:    14.459399262006627     
 Cycle time:    14.459379230975173     
 Cycle time:    14.459383095003432     
 Cycle time:    14.459394518984482     
 Cycle time:    14.459368478012038     
 Cycle time:    14.459411068994086     
 Cycle time:    14.451995593990432     
 Cycle time:    14.451934948010603     
 Cycle time:    14.451995453011477     
 Cycle time:    14.451997063006274     
 Cycle time:    14.451940240978729     
 Cycle time:    14.451950667018536     
 Cycle time:    14.451996164018055     
 Cycle time:    14.451946031011175     
 Cycle time:    14.384905950981192     
 Cycle time:    14.384900550998282     
 Cycle time:    14.384907833009493     
 Cycle time:    14.384900695004035     
 Cycle time:    14.384904335020110     
 Cycle time:    14.384902229008731     
 Cycle time:    14.384900851990096     
 Cycle time:    14.384905168000842     
 Total Time:   143.84576931499760     
 ncyc:           10
 Total Time:   143.90950446101488     
 ncyc:           10
 Total Time:   143.95585405299789     
 ncyc:           10
 Total Time:   143.96507554699201     
 ncyc:           10
 Total Time:   143.94163267000113     
 ncyc:           10
 Total Time:   144.00418025499675     
 ncyc:           10
 Total Time:   143.97604895700351     
 ncyc:           10
 Total Time:   143.98233436400187     
 ncyc:           10
