 0
 1
 2
 3
 4
 5
 6
 7
  making sedov-taylor
  making sedov-taylor
  making sedov-taylor
  making sedov-taylor
  making sedov-taylor
  making sedov-taylor
  making sedov-taylor
  making sedov-taylor
 done mesh
 done mesh
 done mesh
 done mesh
 done mesh
 done mesh
 done mesh
 done mesh
 Done diagnostics
 Done diagnostics
 Done diagnostics
 Done diagnostics
 Done diagnostics
 Done diagnostics
 Done diagnostics
 Done diagnostics
 finished building problem
 finished building problem
 finished building problem
 finished building problem
 finished building problem
 finished building problem
 finished building problem
 finished building problem
 Cycle time:    14.480488028988475     
 Cycle time:    14.483080545003759     
 Cycle time:    14.482352388004074     
 Cycle time:    14.465239548997488     
 Cycle time:    14.482792698021512     
 Cycle time:    14.465704923000885     
 Cycle time:    14.466485156008275     
 Cycle time:    14.467810470989207     
 Cycle time:    14.455528289981885     
 Cycle time:    14.455611410987331     
 Cycle time:    14.455837786983466     
 Cycle time:    14.455784472986124     
 Cycle time:    14.455744968989165     
 Cycle time:    14.455823683005292     
 Cycle time:    14.455811043007998     
 Cycle time:    14.455835967004532     
 Cycle time:    14.442187362990808     
 Cycle time:    14.442286458011949     
 Cycle time:    14.442709736002143     
 Cycle time:    14.442521392978961     
 Cycle time:    14.442440226994222     
 Cycle time:    14.442521676013712     
 Cycle time:    14.442624221002916     
 Cycle time:    14.442808892985340     
 Cycle time:    14.335504324000794     
 Cycle time:    14.335588521993486     
 Cycle time:    14.335960793017875     
 Cycle time:    14.335737303015776     
 Cycle time:    14.335819984000409     
 Cycle time:    14.335802640009206     
 Cycle time:    14.335696820984595     
 Cycle time:    14.336144220986171     
 Cycle time:    14.522705570998369     
 Cycle time:    14.522838876000606     
 Cycle time:    14.523210779996589     
 Cycle time:    14.523341178020928     
 Cycle time:    14.523085338005330     
 Cycle time:    14.522987978998572     
 Cycle time:    14.523023854999337     
 Cycle time:    14.523129656998208     
 Cycle time:    14.351209234999260     
 Cycle time:    14.351033167011337     
 Cycle time:    14.351344544993481     
 Cycle time:    14.351027942990186     
 Cycle time:    14.351020253001479     
 Cycle time:    14.351109143986832     
 Cycle time:    14.351032092003152     
 Cycle time:    14.351026004005689     
 Cycle time:    14.309361257997807     
 Cycle time:    14.309517429006519     
 Cycle time:    14.309421971993288     
 Cycle time:    14.309491923020687     
 Cycle time:    14.309503260999918     
 Cycle time:    14.309515136992559     
 Cycle time:    14.309483952005394     
 Cycle time:    14.309426822001114     
 Cycle time:    14.509106008015806     
 Cycle time:    14.508985018008389     
 Cycle time:    14.508974797005067     
 Cycle time:    14.508990825008368     
 Cycle time:    14.509004492021631     
 Cycle time:    14.509031148016220     
 Cycle time:    14.509050565015059     
 Cycle time:    14.509069947001990     
 Cycle time:    14.275664882996352     
 Cycle time:    14.275794529996347     
 Cycle time:    14.275756565999473     
 Cycle time:    14.275805762008531     
 Cycle time:    14.275830743019469     
 Cycle time:    14.275647776987171     
 Cycle time:    14.275710443995195     
 Cycle time:    14.275794699991820     
 Cycle time:    14.678488615987590     
 Cycle time:    14.678538754989859     
 Cycle time:    14.678809279983398     
 Cycle time:    14.678599256003508     
 Cycle time:    14.678618120000465     
 Cycle time:    14.678651416994398     
 Cycle time:    14.678729835024569     
 Cycle time:    14.678698008006904     
 Total Time:   144.44730600799085     
 ncyc:           10
 Total Time:   144.47159053597716     
 ncyc:           10
 Total Time:   144.47031912099919     
 ncyc:           10
 Total Time:   144.50697703001788     
 ncyc:           10
 Total Time:   144.53118842898402     
 ncyc:           10
 Total Time:   144.52417743799742     
 ncyc:           10
 Total Time:   144.53532249899581     
 ncyc:           10
 Total Time:   144.53999925000244     
 ncyc:           10
