 0
  making sedov-taylor
 done mesh
 Done diagnostics
 finished building problem
 Cycle time:    6.6591214789077640     
 Cycle time:    6.6318664448335767     
 Cycle time:    6.6321455799043179     
 Cycle time:    6.6307538030669093     
 Cycle time:    6.6303802197799087     
 Cycle time:    6.6349331899546087     
 Cycle time:    6.6310811499133706     
 Cycle time:    6.6306741028092802     
 Cycle time:    6.6305898819118738     
 Cycle time:    6.6312807602807879     
 Cycle time:    6.6302060349844396     
 Cycle time:    6.6320256246253848     
 Cycle time:    6.6341813378967345     
 Cycle time:    6.6339109637774527     
 Cycle time:    6.6308777672238648     
 Cycle time:    6.6303221983835101     
 Cycle time:    6.6302457358688116     
 Cycle time:    6.6336182951927185     
 Cycle time:    6.6340615469962358     
 Cycle time:    6.6312257335521281     
 Total Time:   132.70047765085474     
 ncyc:           20
